<?xml version="1.0" encoding="UTF-8"?>
<!-- Generated by org.testng.reporters.JUnitReportReporter -->
<testsuite skipped="0" hostname="DESKTOP-NOIBDLR" name="org.example.AppTest" tests="1" failures="0" timestamp="2020-07-28T22:39:36 EDT" time="0.012" errors="0">
  <testcase name="shouldAnswerWithTrue" time="0.012" classname="org.example.AppTest"/>
  <system-out/>
</testsuite> <!-- org.example.AppTest -->
