<?xml version="1.0" encoding="UTF-8"?>
<!-- Generated by org.testng.reporters.JUnitReportReporter -->
<testsuite skipped="0" hostname="DESKTOP-NOIBDLR" name="org.example.AppTest" tests="1" failures="0" timestamp="2020-08-06T23:10:18 EDT" time="0.029" errors="0">
  <testcase name="shouldAnswerWithTrue" time="0.029" classname="org.example.AppTest"/>
  <system-out/>
</testsuite> <!-- org.example.AppTest -->
